Start moiety
Moiety name is: aldehyde_1
After grid searching, highest affinity is: -3.15163
After gridsearching affinity: -3.15163
End moiety

Start moiety
Moiety name is: aldehyde_10
After grid searching, highest affinity is: -2.88087
After gridsearching affinity: -2.88087
End moiety

Start moiety
Moiety name is: aldehyde_100
After grid searching, highest affinity is: -2.71456
After gridsearching affinity: -2.71456
End moiety

Start moiety
Moiety name is: aldehyde_101
After grid searching, highest affinity is: -3.38161
After gridsearching affinity: -3.38161
End moiety

Start moiety
Moiety name is: aldehyde_102
After grid searching, highest affinity is: -3.61434
After gridsearching affinity: -3.61434
End moiety

Start moiety
Moiety name is: aldehyde_103
After grid searching, highest affinity is: -3.8702
After gridsearching affinity: -3.8702
End moiety

Start moiety
Moiety name is: aldehyde_104
After grid searching, highest affinity is: -3.73604
After gridsearching affinity: -3.73604
End moiety

Start moiety
Moiety name is: aldehyde_105
After grid searching, highest affinity is: -3.87847
After gridsearching affinity: -3.87847
End moiety

Start moiety
Moiety name is: aldehyde_106
After grid searching, highest affinity is: -3.27933
After gridsearching affinity: -3.27933
End moiety

Start moiety
Moiety name is: aldehyde_107
After grid searching, highest affinity is: -4.40551
After gridsearching affinity: -4.40551
End moiety

Start moiety
Moiety name is: aldehyde_108
After grid searching, highest affinity is: -4.0001
After gridsearching affinity: -4.0001
End moiety

Start moiety
Moiety name is: aldehyde_109
After grid searching, highest affinity is: -3.74834
After gridsearching affinity: -3.74834
End moiety

Start moiety
Moiety name is: aldehyde_11
After grid searching, highest affinity is: 5.1029
After gridsearching affinity: 5.1029
Attempt clash resolution using rotamer library.
After rotamer library affinity: 5.13476
End moiety

Start moiety
Moiety name is: aldehyde_110
After grid searching, highest affinity is: -2.51359
After gridsearching affinity: -2.51359
End moiety

Start moiety
Moiety name is: aldehyde_111
After grid searching, highest affinity is: -2.96261
After gridsearching affinity: -2.96261
End moiety

Start moiety
Moiety name is: aldehyde_112
After grid searching, highest affinity is: -2.33432
After gridsearching affinity: -2.33432
End moiety

Start moiety
Moiety name is: aldehyde_113
After grid searching, highest affinity is: -4.61499
After gridsearching affinity: -4.61499
End moiety

Start moiety
Moiety name is: aldehyde_114
After grid searching, highest affinity is: -6.47499
After gridsearching affinity: -6.47499
End moiety

Start moiety
Moiety name is: aldehyde_115
After grid searching, highest affinity is: -5.11013
After gridsearching affinity: -5.11013
End moiety

Start moiety
Moiety name is: aldehyde_116
After grid searching, highest affinity is: -5.35523
After gridsearching affinity: -5.35523
End moiety

Start moiety
Moiety name is: aldehyde_117
After grid searching, highest affinity is: -6.8947
After gridsearching affinity: -6.8947
End moiety

Start moiety
Moiety name is: aldehyde_118
After grid searching, highest affinity is: -4.64462
After gridsearching affinity: -4.64462
End moiety

Start moiety
Moiety name is: aldehyde_119
After grid searching, highest affinity is: -3.62801
After gridsearching affinity: -3.62801
End moiety

Start moiety
Moiety name is: aldehyde_12
After grid searching, highest affinity is: -3.44382
After gridsearching affinity: -3.44382
End moiety

Start moiety
Moiety name is: aldehyde_120
After grid searching, highest affinity is: -3.9692
After gridsearching affinity: -3.9692
End moiety

Start moiety
Moiety name is: aldehyde_121
After grid searching, highest affinity is: -3.45368
After gridsearching affinity: -3.45368
End moiety

Start moiety
Moiety name is: aldehyde_122
